<?xml version="1.0" encoding="UTF-8"?>
<!-- Generated by org.testng.reporters.JUnitXMLReporter -->
<testsuite hostname="Sunny-PC" name="Default test" tests="3" failures="0" timestamp="30 Apr 2020 01:17:02 GMT" time="29.097" errors="0">
  <testcase name="VerifyLoginPagetest" time="0.47" classname="com.qa.hubspot.test.LoginPageTest"/>
  <testcase name="Signuplink" time="1.38" classname="com.qa.hubspot.test.LoginPageTest"/>
  <testcase name="logintest" time="14.367" classname="com.qa.hubspot.test.LoginPageTest"/>
</testsuite> <!-- Default test -->
