<?xml version="1.0" encoding="UTF-8"?>
<testng-results skipped="0" failed="0" total="3" passed="3">
  <reporter-output>
  </reporter-output>
  <suite name="Hubspot App Regression Test Suite" duration-ms="27855" started-at="2020-04-30T01:25:46Z" finished-at="2020-04-30T01:26:14Z">
    <groups>
    </groups>
    <test name="Regression Functional Test" duration-ms="27855" started-at="2020-04-30T01:25:46Z" finished-at="2020-04-30T01:26:14Z">
      <class name="com.qa.hubspot.test.LoginPageTest">
        <test-method status="PASS" signature="setUp()[pri:0, instance:com.qa.hubspot.test.LoginPageTest@ecd4b]" name="setUp" is-config="true" duration-ms="11060" started-at="2020-04-29T19:25:46Z" finished-at="2020-04-29T19:25:57Z">
          <reporter-output>
          </reporter-output>
        </test-method> <!-- setUp -->
        <test-method status="PASS" signature="VerifyLoginPagetest()[pri:1, instance:com.qa.hubspot.test.LoginPageTest@ecd4b]" name="VerifyLoginPagetest" duration-ms="430" started-at="2020-04-29T19:25:57Z" finished-at="2020-04-29T19:25:58Z">
          <reporter-output>
          </reporter-output>
        </test-method> <!-- VerifyLoginPagetest -->
        <test-method status="PASS" signature="Signuplink()[pri:2, instance:com.qa.hubspot.test.LoginPageTest@ecd4b]" name="Signuplink" duration-ms="1367" started-at="2020-04-29T19:25:58Z" finished-at="2020-04-29T19:25:59Z">
          <reporter-output>
          </reporter-output>
        </test-method> <!-- Signuplink -->
        <test-method status="PASS" signature="logintest()[pri:3, instance:com.qa.hubspot.test.LoginPageTest@ecd4b]" name="logintest" duration-ms="13552" started-at="2020-04-29T19:25:59Z" finished-at="2020-04-29T19:26:13Z">
          <reporter-output>
          </reporter-output>
        </test-method> <!-- logintest -->
        <test-method status="PASS" signature="tearDown()[pri:0, instance:com.qa.hubspot.test.LoginPageTest@ecd4b]" name="tearDown" is-config="true" duration-ms="1118" started-at="2020-04-29T19:26:13Z" finished-at="2020-04-29T19:26:14Z">
          <reporter-output>
          </reporter-output>
        </test-method> <!-- tearDown -->
      </class> <!-- com.qa.hubspot.test.LoginPageTest -->
    </test> <!-- Regression Functional Test -->
  </suite> <!-- Hubspot App Regression Test Suite -->
</testng-results>
